<?xml version="1.0" encoding="UTF-8"?>
<!-- Generated by org.testng.reporters.JUnitReportReporter -->
<testsuite hostname="GC02TT6LJG8WNE" name="com.bryntum.test.SampleTest" tests="1" failures="0" timestamp="23 Apr 2019 10:47:03 GMT" time="29.219" errors="0">
  <testcase name="testScenario" time="29.219" classname="com.bryntum.test.SampleTest"/>
</testsuite> <!-- com.bryntum.test.SampleTest -->
